CRITICAL - 2023-05-17 21:24:27 --> The framework needs the following extension(s) installed and loaded: intl.
in SYSTEMPATH\CodeIgniter.php on line 226.
 1 SYSTEMPATH\CodeIgniter.php(226): CodeIgniter\Exceptions\FrameworkException::forMissingExtension('intl')
 2 SYSTEMPATH\CodeIgniter.php(190): CodeIgniter\CodeIgniter->resolvePlatformExtensions()
 3 FCPATH\index.php(55): CodeIgniter\CodeIgniter->initialize()
CRITICAL - 2023-05-17 21:25:21 --> The framework needs the following extension(s) installed and loaded: intl.
in SYSTEMPATH\CodeIgniter.php on line 226.
 1 SYSTEMPATH\CodeIgniter.php(226): CodeIgniter\Exceptions\FrameworkException::forMissingExtension('intl')
 2 SYSTEMPATH\CodeIgniter.php(190): CodeIgniter\CodeIgniter->resolvePlatformExtensions()
 3 FCPATH\index.php(55): CodeIgniter\CodeIgniter->initialize()
CRITICAL - 2023-05-17 21:27:31 --> The framework needs the following extension(s) installed and loaded: intl.
in SYSTEMPATH\CodeIgniter.php on line 226.
 1 SYSTEMPATH\CodeIgniter.php(226): CodeIgniter\Exceptions\FrameworkException::forMissingExtension('intl')
 2 SYSTEMPATH\CodeIgniter.php(190): CodeIgniter\CodeIgniter->resolvePlatformExtensions()
 3 FCPATH\index.php(55): CodeIgniter\CodeIgniter->initialize()
CRITICAL - 2023-05-17 21:27:32 --> The framework needs the following extension(s) installed and loaded: intl.
in SYSTEMPATH\CodeIgniter.php on line 226.
 1 SYSTEMPATH\CodeIgniter.php(226): CodeIgniter\Exceptions\FrameworkException::forMissingExtension('intl')
 2 SYSTEMPATH\CodeIgniter.php(190): CodeIgniter\CodeIgniter->resolvePlatformExtensions()
 3 FCPATH\index.php(55): CodeIgniter\CodeIgniter->initialize()
CRITICAL - 2023-05-17 21:27:48 --> The framework needs the following extension(s) installed and loaded: intl.
in SYSTEMPATH\CodeIgniter.php on line 226.
 1 SYSTEMPATH\CodeIgniter.php(226): CodeIgniter\Exceptions\FrameworkException::forMissingExtension('intl')
 2 SYSTEMPATH\CodeIgniter.php(190): CodeIgniter\CodeIgniter->resolvePlatformExtensions()
 3 FCPATH\index.php(55): CodeIgniter\CodeIgniter->initialize()
CRITICAL - 2023-05-17 19:29:59 --> The framework needs the following extension(s) installed and loaded: intl.
in SYSTEMPATH\CodeIgniter.php on line 226.
 1 SYSTEMPATH\CodeIgniter.php(226): CodeIgniter\Exceptions\FrameworkException::forMissingExtension()
 2 SYSTEMPATH\CodeIgniter.php(190): CodeIgniter\CodeIgniter->resolvePlatformExtensions()
 3 FCPATH\index.php(55): CodeIgniter\CodeIgniter->initialize()
CRITICAL - 2023-05-17 21:06:21 --> The framework needs the following extension(s) installed and loaded: intl.
in SYSTEMPATH\CodeIgniter.php on line 226.
 1 SYSTEMPATH\CodeIgniter.php(226): CodeIgniter\Exceptions\FrameworkException::forMissingExtension()
 2 SYSTEMPATH\CodeIgniter.php(190): CodeIgniter\CodeIgniter->resolvePlatformExtensions()
 3 ROOTPATH\spark(83): CodeIgniter\CodeIgniter->initialize()
