CRITICAL - 2023-05-18 01:15:20 --> Class "App\Controllers\BaseControlller" not found
in APPPATH\Controllers\Olamundo.php on line 3.
 1 SYSTEMPATH\Autoloader\Autoloader.php(312): include_once()
 2 SYSTEMPATH\Autoloader\Autoloader.php(289): CodeIgniter\Autoloader\Autoloader->includeFile('D:\\servidores\\xamp\\htdocs\\ci4learn\\app\\Controllers\\Olamundo.php')
 3 SYSTEMPATH\Autoloader\Autoloader.php(267): CodeIgniter\Autoloader\Autoloader->loadInNamespace('App\\Controllers\\Olamundo')
 4 [internal function]: CodeIgniter\Autoloader\Autoloader->loadClass('App\\Controllers\\Olamundo')
 5 SYSTEMPATH\CodeIgniter.php(892): class_exists('\\App\\Controllers\\Olamundo', true)
 6 SYSTEMPATH\CodeIgniter.php(486): CodeIgniter\CodeIgniter->startController()
 7 SYSTEMPATH\CodeIgniter.php(368): CodeIgniter\CodeIgniter->handleRequest(null, Object(Config\Cache), false)
 8 FCPATH\index.php(67): CodeIgniter\CodeIgniter->run()
CRITICAL - 2023-05-18 01:21:35 --> Class "App\Controllers\BaseControlller" not found
in APPPATH\Controllers\Olamundo.php on line 3.
 1 SYSTEMPATH\Autoloader\Autoloader.php(312): include_once()
 2 SYSTEMPATH\Autoloader\Autoloader.php(289): CodeIgniter\Autoloader\Autoloader->includeFile('D:\\servidores\\xamp\\htdocs\\ci4learn\\app\\Controllers\\Olamundo.php')
 3 SYSTEMPATH\Autoloader\Autoloader.php(267): CodeIgniter\Autoloader\Autoloader->loadInNamespace('App\\Controllers\\Olamundo')
 4 [internal function]: CodeIgniter\Autoloader\Autoloader->loadClass('App\\Controllers\\Olamundo')
 5 SYSTEMPATH\CodeIgniter.php(892): class_exists('\\App\\Controllers\\Olamundo', true)
 6 SYSTEMPATH\CodeIgniter.php(486): CodeIgniter\CodeIgniter->startController()
 7 SYSTEMPATH\CodeIgniter.php(368): CodeIgniter\CodeIgniter->handleRequest(null, Object(Config\Cache), false)
 8 FCPATH\index.php(67): CodeIgniter\CodeIgniter->run()
CRITICAL - 2023-05-18 01:22:04 --> Class "App\Controllers\BaseControlller" not found
in APPPATH\Controllers\Olamundo.php on line 3.
 1 SYSTEMPATH\Autoloader\Autoloader.php(312): include_once()
 2 SYSTEMPATH\Autoloader\Autoloader.php(289): CodeIgniter\Autoloader\Autoloader->includeFile('D:\\servidores\\xamp\\htdocs\\ci4learn\\app\\Controllers\\Olamundo.php')
 3 SYSTEMPATH\Autoloader\Autoloader.php(267): CodeIgniter\Autoloader\Autoloader->loadInNamespace('App\\Controllers\\Olamundo')
 4 [internal function]: CodeIgniter\Autoloader\Autoloader->loadClass('App\\Controllers\\Olamundo')
 5 SYSTEMPATH\CodeIgniter.php(892): class_exists('\\App\\Controllers\\Olamundo', true)
 6 SYSTEMPATH\CodeIgniter.php(486): CodeIgniter\CodeIgniter->startController()
 7 SYSTEMPATH\CodeIgniter.php(368): CodeIgniter\CodeIgniter->handleRequest(null, Object(Config\Cache), false)
 8 FCPATH\index.php(67): CodeIgniter\CodeIgniter->run()
CRITICAL - 2023-05-18 01:53:23 --> Class "App\Controllers\BaseControlller" not found
in APPPATH\Controllers\Olamundo.php on line 3.
 1 SYSTEMPATH\Autoloader\Autoloader.php(312): include_once()
 2 SYSTEMPATH\Autoloader\Autoloader.php(289): CodeIgniter\Autoloader\Autoloader->includeFile('D:\\servidores\\xamp\\htdocs\\ci4learn\\app\\Controllers\\Olamundo.php')
 3 SYSTEMPATH\Autoloader\Autoloader.php(267): CodeIgniter\Autoloader\Autoloader->loadInNamespace('App\\Controllers\\Olamundo')
 4 [internal function]: CodeIgniter\Autoloader\Autoloader->loadClass('App\\Controllers\\Olamundo')
 5 SYSTEMPATH\Router\AutoRouterImproved.php(264): class_exists('App\\Controllers\\Olamundo')
 6 SYSTEMPATH\Router\AutoRouterImproved.php(115): CodeIgniter\Router\AutoRouterImproved->scanControllers([...])
 7 SYSTEMPATH\Router\Router.php(507): CodeIgniter\Router\AutoRouterImproved->getRoute('olamundo')
 8 SYSTEMPATH\Router\Router.php(206): CodeIgniter\Router\Router->autoRoute('olamundo')
 9 SYSTEMPATH\CodeIgniter.php(815): CodeIgniter\Router\Router->handle('olamundo')
10 SYSTEMPATH\CodeIgniter.php(449): CodeIgniter\CodeIgniter->tryToRouteIt(Object(CodeIgniter\Router\RouteCollection))
11 SYSTEMPATH\CodeIgniter.php(368): CodeIgniter\CodeIgniter->handleRequest(null, Object(Config\Cache), false)
12 FCPATH\index.php(67): CodeIgniter\CodeIgniter->run()
CRITICAL - 2023-05-18 01:54:18 --> Class "App\Controllers\BaseControlller" not found
in APPPATH\Controllers\Olamundo.php on line 3.
 1 SYSTEMPATH\Autoloader\Autoloader.php(312): include_once()
 2 SYSTEMPATH\Autoloader\Autoloader.php(289): CodeIgniter\Autoloader\Autoloader->includeFile('D:\\servidores\\xamp\\htdocs\\ci4learn\\app\\Controllers\\Olamundo.php')
 3 SYSTEMPATH\Autoloader\Autoloader.php(267): CodeIgniter\Autoloader\Autoloader->loadInNamespace('App\\Controllers\\Olamundo')
 4 [internal function]: CodeIgniter\Autoloader\Autoloader->loadClass('App\\Controllers\\Olamundo')
 5 SYSTEMPATH\Router\AutoRouterImproved.php(264): class_exists('App\\Controllers\\Olamundo')
 6 SYSTEMPATH\Router\AutoRouterImproved.php(115): CodeIgniter\Router\AutoRouterImproved->scanControllers([...])
 7 SYSTEMPATH\Router\Router.php(507): CodeIgniter\Router\AutoRouterImproved->getRoute('olamundo')
 8 SYSTEMPATH\Router\Router.php(206): CodeIgniter\Router\Router->autoRoute('olamundo')
 9 SYSTEMPATH\CodeIgniter.php(815): CodeIgniter\Router\Router->handle('olamundo')
10 SYSTEMPATH\CodeIgniter.php(449): CodeIgniter\CodeIgniter->tryToRouteIt(Object(CodeIgniter\Router\RouteCollection))
11 SYSTEMPATH\CodeIgniter.php(368): CodeIgniter\CodeIgniter->handleRequest(null, Object(Config\Cache), false)
12 FCPATH\index.php(67): CodeIgniter\CodeIgniter->run()
CRITICAL - 2023-05-18 17:33:37 --> Too few arguments to function App\Controllers\Olamundo::index(), 0 passed in D:\servidores\xamp\htdocs\ci4learn\system\CodeIgniter.php on line 934 and exactly 1 expected
in APPPATH\Controllers\Olamundo.php on line 6.
 1 SYSTEMPATH\CodeIgniter.php(934): App\Controllers\Olamundo->index()
 2 SYSTEMPATH\CodeIgniter.php(499): CodeIgniter\CodeIgniter->runController(Object(App\Controllers\Olamundo))
 3 SYSTEMPATH\CodeIgniter.php(368): CodeIgniter\CodeIgniter->handleRequest(null, Object(Config\Cache), false)
 4 FCPATH\index.php(67): CodeIgniter\CodeIgniter->run()
